gpasm-0.13.3 beta               switch.asm  9-2-2006  17:59:25           PAGE  1


LOC  OBJECT CODE     LINE SOURCE TEXT
  VALUE
 
               00001 ; ***********************************************************
               00002 ;
               00003 ; file: switch.asm
               00004 ; target: PIC12f675 on PICKit 1
               00005 ; author: David Henry
               00006 ; licence: This program is licensed under the terms of the
               00007 ;          MIT licence.  You can get a copy of it at:
               00008 ;     http://www.opensource.org/licenses/mit-license.php
               00009 ;
               00010 ; This program makes lighting a LED (D0 or D1).  User can
               00011 ; switch the LEDs by pressing the button connected to GP3.
               00012 ;
               00013 ; ***********************************************************
               00014 
               00015         ; use PIC 12F675
               00016         list            p=12f675
               00017         #include        <p12f675.inc>
               00001         LIST
               00002 ; P12F675.INC  Standard Header File, Version 1.04    Microchip Technology, Inc.
               00284         LIST
               00018 
               00019         ; set configuration word.
002007 3F84    00020         __CONFIG        _CPD_OFF & _CP_OFF & _BODEN_OFF & _MCLRE_OFF & _WDT_OFF & _PWRTE_ON & _INTRC_OSC_NOCLKOUT
               00021 
               00022         ; -------------------------------------------------------
               00023         ; global variable declarations.
               00024         ; -------------------------------------------------------
               00025 
  00000020     00026 count1  equ     0x20
  00000021     00027 count2  equ     0x21
  00000022     00028 temp    equ     0x22
               00029 
               00030         ; -------------------------------------------------------
               00031         ; reset vector.  this is where the PCL is set after
               00032         ; power on and reset.
               00033         ; -------------------------------------------------------
               00034 
0000           00035         org     0x00
0000 280B      00036         goto    main
               00037 
0001           00038 wait
               00039         ; -------------------------------------------------------
               00040         ; wait function.  perform a little tempo.
               00041         ; -------------------------------------------------------
               00042 
0001 0000      00043         nop                     ; consume one cycle
               00044 
0002 0BA0      00045         decfsz  count1,f        ; decrement first counter
0003 2801      00046         goto    wait            ;  until reaching zero
               00047 
0004 30FF      00048         movlw   0xff            ; reload first counter
0005 00A0      00049         movwf   count1
               00050 
0006 0BA1      00051         decfsz  count2,f        ; decrement second counter
gpasm-0.13.3 beta               switch.asm  9-2-2006  17:59:25           PAGE  2


LOC  OBJECT CODE     LINE SOURCE TEXT
  VALUE
 
0007 2801      00052         goto    wait            ;  until reaching zero
               00053 
0008 30FF      00054         movlw   0xff            ; reload second counter
0009 00A1      00055         movwf   count2
               00056 
000A 0008      00057         return
               00058 
000B           00059 main
               00060         ; -------------------------------------------------------
               00061         ; program's main entry point.
               00062         ; -------------------------------------------------------
               00063 
               00064         ; init wait counters
000B 30FF      00065         movlw   0xff
000C 00A0      00066         movwf   count1
000D 00A1      00067         movwf   count2
               00068 
               00069         ; init GPIO
000E 1683      00070         bsf     STATUS,RP0      ; enter bank 1
000F 30CE      00071         movlw   B'11001110'
Message [302] : Register in operand not in bank 0. Ensure bank bits are correct.
0010 0085      00072         movwf   TRISIO          ; configure I/O
               00073 
0011 1283      00074         bcf     STATUS,RP0      ; enter bank 0
0012 3010      00075         movlw   B'00010000'     ; setup GPIO's output mask
0013 00A2      00076         movwf   temp            ; save it to temp
               00077 
0014           00078 loop
               00079         ; -------------------------------------------------------
               00080         ; program's main loop.
               00081         ; -------------------------------------------------------
               00082 
0014 0822      00083         movf    temp,w          ; load GPIO's output mask
               00084 
0015 0085      00085         movwf   GPIO
0016 1D85      00086         btfss   GPIO,3          ; test if button is pressed
0017 3A30      00087         xorlw   B'00110000'     ; switch LED
               00088 
0018 00A2      00089         movwf   temp            ; save the modified mask
               00090 
0019 2001      00091         call    wait            ; burn some cycles before switching LEDs
001A 2814      00092         goto    loop            ; repeat forever
               00093 
gpasm-0.13.3 beta               switch.asm  9-2-2006  17:59:25           PAGE  3


SYMBOL TABLE
  LABEL                             VALUE 

ADCON0                            0000001F
ADCS0                             00000004
ADCS1                             00000005
ADCS2                             00000006
ADFM                              00000007
ADIE                              00000006
ADIF                              00000006
ADON                              00000000
ADRESH                            0000001E
ADRESL                            0000009E
ANS0                              00000000
ANS1                              00000001
ANS2                              00000002
ANS3                              00000003
ANSEL                             0000009F
C                                 00000000
CAL0                              00000002
CAL1                              00000003
CAL2                              00000004
CAL3                              00000005
CAL4                              00000006
CAL5                              00000007
CHS0                              00000002
CHS1                              00000003
CINV                              00000004
CIS                               00000003
CM0                               00000000
CM1                               00000001
CM2                               00000002
CMCON                             00000019
CMIE                              00000003
CMIF                              00000003
COUT                              00000006
DC                                00000001
EEADR                             0000009B
EECON1                            0000009C
EECON2                            0000009D
EEDAT                             0000009A
EEDATA                            0000009A
EEIE                              00000007
EEIF                              00000007
F                                 00000001
FSR                               00000004
GIE                               00000007
GO                                00000001
GO_DONE                           00000001
GP0                               00000000
GP1                               00000001
GP2                               00000002
GP3                               00000003
GP4                               00000004
GP5                               00000005
GPIE                              00000003
gpasm-0.13.3 beta               switch.asm  9-2-2006  17:59:25           PAGE  4


LOC  OBJECT CODE     LINE SOURCE TEXT
  VALUE
 
GPIF                              00000000
GPIO                              00000005
GPIO0                             00000000
GPIO1                             00000001
GPIO2                             00000002
GPIO3                             00000003
GPIO4                             00000004
GPIO5                             00000005
INDF                              00000000
INTCON                            0000000B
INTE                              00000004
INTEDG                            00000006
INTF                              00000001
IOC                               00000096
IOC0                              00000000
IOC1                              00000001
IOC2                              00000002
IOC3                              00000003
IOC4                              00000004
IOC5                              00000005
IOCB                              00000096
IOCB0                             00000000
IOCB1                             00000001
IOCB2                             00000002
IOCB3                             00000003
IOCB4                             00000004
IOCB5                             00000005
IRP                               00000007
NOT_BOD                           00000000
NOT_DONE                          00000001
NOT_GPPU                          00000007
NOT_PD                            00000003
NOT_POR                           00000001
NOT_T1SYNC                        00000002
NOT_TO                            00000004
OPTION_REG                        00000081
OSCCAL                            00000090
PCL                               00000002
PCLATH                            0000000A
PCON                              0000008E
PEIE                              00000006
PIE1                              0000008C
PIR1                              0000000C
PS0                               00000000
PS1                               00000001
PS2                               00000002
PSA                               00000003
RD                                00000000
RP0                               00000005
RP1                               00000006
STATUS                            00000003
T0CS                              00000005
T0IE                              00000005
T0IF                              00000002
gpasm-0.13.3 beta               switch.asm  9-2-2006  17:59:25           PAGE  5


LOC  OBJECT CODE     LINE SOURCE TEXT
  VALUE
 
T0SE                              00000004
T1CKPS0                           00000004
T1CKPS1                           00000005
T1CON                             00000010
T1IE                              00000000
T1IF                              00000000
T1OSCEN                           00000003
TMR0                              00000001
TMR1CS                            00000001
TMR1GE                            00000006
TMR1H                             0000000F
TMR1IE                            00000000
TMR1IF                            00000000
TMR1L                             0000000E
TMR1ON                            00000000
TRISIO                            00000085
VCFG                              00000006
VR0                               00000000
VR1                               00000001
VR2                               00000002
VR3                               00000003
VRCON                             00000099
VREN                              00000007
VRR                               00000005
W                                 00000000
WPU                               00000095
WR                                00000001
WREN                              00000002
WRERR                             00000003
Z                                 00000002
_BODEN_OFF                        00003FBF
_BODEN_ON                         00003FFF
_CPD_OFF                          00003FFF
_CPD_ON                           00003EFF
_CP_OFF                           00003FFF
_CP_ON                            00003F7F
_EC_OSC                           00003FFB
_EXTRC_OSC_CLKOUT                 00003FFF
_EXTRC_OSC_NOCLKOUT               00003FFE
_HS_OSC                           00003FFA
_INTRC_OSC_CLKOUT                 00003FFD
_INTRC_OSC_NOCLKOUT               00003FFC
_LP_OSC                           00003FF8
_MCLRE_OFF                        00003FDF
_MCLRE_ON                         00003FFF
_PWRTE_OFF                        00003FFF
_PWRTE_ON                         00003FEF
_WDT_OFF                          00003FF7
_WDT_ON                           00003FFF
_XT_OSC                           00003FF9
__12F675                          00000001
count1                            00000020
count2                            00000021
loop                              00000014
gpasm-0.13.3 beta               switch.asm  9-2-2006  17:59:25           PAGE  6


LOC  OBJECT CODE     LINE SOURCE TEXT
  VALUE
 
main                              0000000B
temp                              00000022
wait                              00000001


MEMORY USAGE MAP ('X' = Used,  '-' = Unused)

00000000 : XXXXXXXXXXXXXXXX XXXXXXXXXXX----- ---------------- ----------------
00002000 : -------X-------- ---------------- ---------------- ----------------

All other memory blocks unused.

Program Memory Words Used: 28


Errors   :       0
Warnings :       0 reported,       0 suppressed
Messages :       1 reported,       0 suppressed

