gpasm-0.13.3 beta               switch8.asm 9-2-2006  17:59:32           PAGE  1


LOC  OBJECT CODE     LINE SOURCE TEXT
  VALUE
 
               00001 ; ***********************************************************
               00002 ;
               00003 ; file: switch8.asm
               00004 ; target: PIC12f675 on PICKit 1
               00005 ; author: David Henry
               00006 ; licence: This program is licensed under the terms of the
               00007 ;          MIT licence.  You can get a copy of it at:
               00008 ;     http://www.opensource.org/licenses/mit-license.php
               00009 ;
               00010 ; This program makes lighting a LED (D0 to D7).  User can
               00011 ; switch the LEDs by pressing the button connected to GP3.
               00012 ;
               00013 ; ***********************************************************
               00014 
               00015         ; use PIC 12F675
               00016         list            p=12f675
               00017         #include        <p12f675.inc>
               00001         LIST
               00002 ; P12F675.INC  Standard Header File, Version 1.04    Microchip Technology, Inc.
               00284         LIST
               00018 
               00019         ; set configuration word.
002007 3F84    00020         __CONFIG        _CPD_OFF & _CP_OFF & _BODEN_OFF & _MCLRE_OFF & _WDT_OFF & _PWRTE_ON & _INTRC_OSC_NOCLKOUT
               00021 
               00022 
               00023         ; -------------------------------------------------------
               00024         ; global variable declarations.
               00025         ; -------------------------------------------------------
               00026 
  00000020     00027 count1  equ     0x20
  00000021     00028 count2  equ     0x21
  00000022     00029 ledn    equ     0x22
  00000023     00030 index   equ     0x23
               00031 
               00032         ; -------------------------------------------------------
               00033         ; reset vector.  this is where the PCL is set after
               00034         ; power on and reset.
               00035         ; -------------------------------------------------------
               00036 
0000           00037         org     0x00
0000 2826      00038         goto    main
               00039 
0001           00040 wait
               00041         ; -------------------------------------------------------
               00042         ; wait function.  perform a little tempo.
               00043         ; -------------------------------------------------------
               00044 
0001 0000      00045         nop                     ; consume one cycle
               00046 
0002 0BA0      00047         decfsz  count1,f        ; decrement first counter
0003 2801      00048         goto    wait            ;  until reaching zero
               00049 
0004 30FF      00050         movlw   0xff            ; reload first counter
0005 00A0      00051         movwf   count1
gpasm-0.13.3 beta               switch8.asm 9-2-2006  17:59:32           PAGE  2


LOC  OBJECT CODE     LINE SOURCE TEXT
  VALUE
 
               00052 
0006 0BA1      00053         decfsz  count2,f        ; decrement second counter
0007 2801      00054         goto    wait            ;  until reaching zero
               00055 
0008 30FF      00056         movlw   0xff            ; reload second counter
0009 00A1      00057         movwf   count2
               00058 
000A 0008      00059         return
               00060 
000B           00061 config_led
               00062         ; -------------------------------------------------------
               00063         ; LED configuration.  return into W the TRISIO
               00064         ; configuration for lighting the proper LED.  before
               00065         ; calling this function, W must contain the LED number
               00066         ; (from 0 to 7) we want to light on.
               00067         ; we use this number as an offset into a table.
               00068         ; -------------------------------------------------------
               00069 
000B 0782      00070         addwf   PCL,f
000C 34CE      00071         retlw   B'11001110'     ; xx00x11x
000D 34CE      00072         retlw   B'11001110'
000E 34EA      00073         retlw   B'11101010'     ; xx10x01x
000F 34EA      00074         retlw   B'11101010'
0010 34DA      00075         retlw   B'11011010'     ; xx01x01x
0011 34DA      00076         retlw   B'11011010'
0012 34F8      00077         retlw   B'11111000'     ; xx11x00x
0013 34F8      00078         retlw   B'11111000'
               00079 
0014           00080 power_led
               00081         ; -------------------------------------------------------
               00082         ; LED powering on.  return into W the GPIO mask for
               00083         ; powering on the proper LED.  before calling this
               00084         ; function, W must contain the LED number (from 0 to 7)
               00085         ; we want to light on.
               00086         ; we use this number as an offset into a table.
               00087         ; -------------------------------------------------------
               00088 
0014 0782      00089         addwf   PCL,f           ; GP   5 4 2 1
0015 3410      00090         retlw   B'00010000'     ; D0 = 0 1 Z Z
0016 3420      00091         retlw   B'00100000'     ; D1 = 1 0 Z Z
0017 3410      00092         retlw   B'00010000'     ; D2 = Z 1 0 Z
0018 3404      00093         retlw   B'00000100'     ; D3 = Z 0 1 Z
0019 3420      00094         retlw   B'00100000'     ; D4 = 1 Z 0 Z
001A 3404      00095         retlw   B'00000100'     ; D5 = 0 Z 1 Z
001B 3404      00096         retlw   B'00000100'     ; D6 = Z Z 1 0
001C 3402      00097         retlw   B'00000010'     ; D7 = Z Z 0 1
               00098 
001D           00099 led_on
               00100         ; -------------------------------------------------------
               00101         ; light on a LED.  W contains the LED number we want
               00102         ; to enable.
               00103         ; -------------------------------------------------------
               00104 
001D 00A2      00105         movwf   ledn            ; save LED number to file
gpasm-0.13.3 beta               switch8.asm 9-2-2006  17:59:32           PAGE  3


LOC  OBJECT CODE     LINE SOURCE TEXT
  VALUE
 
               00106 
001E 1683      00107         bsf     STATUS,RP0      ; enter bank 1
001F 200B      00108         call    config_led      ; get TRISIO value, put it into W
Message [302] : Register in operand not in bank 0. Ensure bank bits are correct.
0020 0085      00109         movwf   TRISIO          ; configure I/O
               00110 
0021 0822      00111         movf    ledn,w          ; restore LED number
               00112 
0022 1283      00113         bcf     STATUS,RP0      ; enter bank 0
0023 2014      00114         call    power_led       ; get GPIO value, put it into W
0024 0085      00115         movwf   GPIO            ; power on the desired LED
0025 0008      00116         return
               00117 
0026           00118 main
               00119         ; -------------------------------------------------------
               00120         ; program's main entry point.
               00121         ; -------------------------------------------------------
               00122 
               00123         ; init wait counters
0026 1283      00124         bcf     STATUS,RP0      ; enter bank 0
0027 30FF      00125         movlw   0xff
0028 00A0      00126         movwf   count1
0029 00A1      00127         movwf   count2
               00128 
               00129         ; init LED index
002A 01A3      00130         clrf    index
               00131 
002B           00132 loop
               00133         ; -------------------------------------------------------
               00134         ; program's main loop.
               00135         ; -------------------------------------------------------
               00136 
002B 0823      00137         movf    index,w         ; light on the LED number 'index'
002C 201D      00138         call    led_on
002D 2001      00139         call    wait            ; burn some cycles before switching LEDs
               00140 
               00141         ; next LED
002E 1D85      00142         btfss   GPIO,3
002F 0AA3      00143         incf    index,1
0030 19A3      00144         btfsc   index,3
0031 01A3      00145         clrf    index
               00146 
0032 282B      00147         goto    loop            ; repeat forever
               00148 
gpasm-0.13.3 beta               switch8.asm 9-2-2006  17:59:32           PAGE  4


SYMBOL TABLE
  LABEL                             VALUE 

ADCON0                            0000001F
ADCS0                             00000004
ADCS1                             00000005
ADCS2                             00000006
ADFM                              00000007
ADIE                              00000006
ADIF                              00000006
ADON                              00000000
ADRESH                            0000001E
ADRESL                            0000009E
ANS0                              00000000
ANS1                              00000001
ANS2                              00000002
ANS3                              00000003
ANSEL                             0000009F
C                                 00000000
CAL0                              00000002
CAL1                              00000003
CAL2                              00000004
CAL3                              00000005
CAL4                              00000006
CAL5                              00000007
CHS0                              00000002
CHS1                              00000003
CINV                              00000004
CIS                               00000003
CM0                               00000000
CM1                               00000001
CM2                               00000002
CMCON                             00000019
CMIE                              00000003
CMIF                              00000003
COUT                              00000006
DC                                00000001
EEADR                             0000009B
EECON1                            0000009C
EECON2                            0000009D
EEDAT                             0000009A
EEDATA                            0000009A
EEIE                              00000007
EEIF                              00000007
F                                 00000001
FSR                               00000004
GIE                               00000007
GO                                00000001
GO_DONE                           00000001
GP0                               00000000
GP1                               00000001
GP2                               00000002
GP3                               00000003
GP4                               00000004
GP5                               00000005
GPIE                              00000003
gpasm-0.13.3 beta               switch8.asm 9-2-2006  17:59:32           PAGE  5


LOC  OBJECT CODE     LINE SOURCE TEXT
  VALUE
 
GPIF                              00000000
GPIO                              00000005
GPIO0                             00000000
GPIO1                             00000001
GPIO2                             00000002
GPIO3                             00000003
GPIO4                             00000004
GPIO5                             00000005
INDF                              00000000
INTCON                            0000000B
INTE                              00000004
INTEDG                            00000006
INTF                              00000001
IOC                               00000096
IOC0                              00000000
IOC1                              00000001
IOC2                              00000002
IOC3                              00000003
IOC4                              00000004
IOC5                              00000005
IOCB                              00000096
IOCB0                             00000000
IOCB1                             00000001
IOCB2                             00000002
IOCB3                             00000003
IOCB4                             00000004
IOCB5                             00000005
IRP                               00000007
NOT_BOD                           00000000
NOT_DONE                          00000001
NOT_GPPU                          00000007
NOT_PD                            00000003
NOT_POR                           00000001
NOT_T1SYNC                        00000002
NOT_TO                            00000004
OPTION_REG                        00000081
OSCCAL                            00000090
PCL                               00000002
PCLATH                            0000000A
PCON                              0000008E
PEIE                              00000006
PIE1                              0000008C
PIR1                              0000000C
PS0                               00000000
PS1                               00000001
PS2                               00000002
PSA                               00000003
RD                                00000000
RP0                               00000005
RP1                               00000006
STATUS                            00000003
T0CS                              00000005
T0IE                              00000005
T0IF                              00000002
gpasm-0.13.3 beta               switch8.asm 9-2-2006  17:59:32           PAGE  6


LOC  OBJECT CODE     LINE SOURCE TEXT
  VALUE
 
T0SE                              00000004
T1CKPS0                           00000004
T1CKPS1                           00000005
T1CON                             00000010
T1IE                              00000000
T1IF                              00000000
T1OSCEN                           00000003
TMR0                              00000001
TMR1CS                            00000001
TMR1GE                            00000006
TMR1H                             0000000F
TMR1IE                            00000000
TMR1IF                            00000000
TMR1L                             0000000E
TMR1ON                            00000000
TRISIO                            00000085
VCFG                              00000006
VR0                               00000000
VR1                               00000001
VR2                               00000002
VR3                               00000003
VRCON                             00000099
VREN                              00000007
VRR                               00000005
W                                 00000000
WPU                               00000095
WR                                00000001
WREN                              00000002
WRERR                             00000003
Z                                 00000002
_BODEN_OFF                        00003FBF
_BODEN_ON                         00003FFF
_CPD_OFF                          00003FFF
_CPD_ON                           00003EFF
_CP_OFF                           00003FFF
_CP_ON                            00003F7F
_EC_OSC                           00003FFB
_EXTRC_OSC_CLKOUT                 00003FFF
_EXTRC_OSC_NOCLKOUT               00003FFE
_HS_OSC                           00003FFA
_INTRC_OSC_CLKOUT                 00003FFD
_INTRC_OSC_NOCLKOUT               00003FFC
_LP_OSC                           00003FF8
_MCLRE_OFF                        00003FDF
_MCLRE_ON                         00003FFF
_PWRTE_OFF                        00003FFF
_PWRTE_ON                         00003FEF
_WDT_OFF                          00003FF7
_WDT_ON                           00003FFF
_XT_OSC                           00003FF9
__12F675                          00000001
config_led                        0000000B
count1                            00000020
count2                            00000021
gpasm-0.13.3 beta               switch8.asm 9-2-2006  17:59:32           PAGE  7


LOC  OBJECT CODE     LINE SOURCE TEXT
  VALUE
 
index                             00000023
led_on                            0000001D
ledn                              00000022
loop                              0000002B
main                              00000026
power_led                         00000014
wait                              00000001


MEMORY USAGE MAP ('X' = Used,  '-' = Unused)

00000000 : XXXXXXXXXXXXXXXX XXXXXXXXXXXXXXXX XXXXXXXXXXXXXXXX XXX-------------
00002000 : -------X-------- ---------------- ---------------- ----------------

All other memory blocks unused.

Program Memory Words Used: 52


Errors   :       0
Warnings :       0 reported,       0 suppressed
Messages :       1 reported,       0 suppressed

