gpasm-0.13.3 beta               blink.asm   9-2-2006  17:59:52           PAGE  1


LOC  OBJECT CODE     LINE SOURCE TEXT
  VALUE
 
               00001 ; ***********************************************************
               00002 ;
               00003 ; file: blink.asm
               00004 ; target: PIC16f684 on PICKit 1
               00005 ; author: David Henry
               00006 ; licence: This program is licensed under the terms of the
               00007 ;          MIT licence.  You can get a copy of it at:
               00008 ;     http://www.opensource.org/licenses/mit-license.php
               00009 ;
               00010 ; This program makes blinking alternatively two LEDs (D0
               00011 ; and D1).
               00012 ;
               00013 ; ***********************************************************
               00014 
               00015         ; use PIC 16F684
               00016         list            p=16f684
               00017         #include        <p16f684.inc>
               00001         LIST
               00002 ; P16F684.INC  Standard Header File, Version 1.03    Microchip Technology, Inc.
               00379         LIST
               00018 
               00019         ; set configuration word.
002007 30D4    00020         __CONFIG        _FCMEN_OFF & _IESO_OFF & _BOD_OFF & _CPD_OFF & _CP_OFF & _MCLRE_OFF & _PWRTE_OFF & _WDT_OFF & _INTRC_OSC_NOCLKOUT
               00021 
               00022         ; -------------------------------------------------------
               00023         ; global variable declarations.
               00024         ; -------------------------------------------------------
               00025 
  00000020     00026 count1  equ     0x20
  00000021     00027 count2  equ     0x21
  00000022     00028 temp    equ     0x22
               00029 
               00030         ; -------------------------------------------------------
               00031         ; reset vector.  this is where the PCL is set after
               00032         ; power on and reset.
               00033         ; -------------------------------------------------------
               00034 
0000           00035         org     0x00
0000 280B      00036         goto    main
               00037 
0001           00038 wait
               00039         ; -------------------------------------------------------
               00040         ; wait function.  perform a little tempo.
               00041         ; -------------------------------------------------------
               00042 
0001 0000      00043         nop                     ; consume one cycle
               00044 
0002 0BA0      00045         decfsz  count1,f        ; decrement first counter
0003 2801      00046         goto    wait            ;  until reaching zero
               00047 
0004 30FF      00048         movlw   0xff            ; reload first counter
0005 00A0      00049         movwf   count1
               00050 
0006 0BA1      00051         decfsz  count2,f        ; decrement second counter
gpasm-0.13.3 beta               blink.asm   9-2-2006  17:59:52           PAGE  2


LOC  OBJECT CODE     LINE SOURCE TEXT
  VALUE
 
0007 2801      00052         goto    wait            ;  until reaching zero
               00053 
0008 30FF      00054         movlw   0xff            ; reload second counter
0009 00A1      00055         movwf   count2
               00056 
000A 0008      00057         return
               00058 
000B           00059 main
               00060         ; -------------------------------------------------------
               00061         ; program's main entry point.
               00062         ; -------------------------------------------------------
               00063 
               00064         ; init wait counters
000B 30FF      00065         movlw   0xff
000C 00A0      00066         movwf   count1
000D 00A1      00067         movwf   count2
               00068 
               00069         ; init PortA
000E 1683      00070         bsf     STATUS,RP0      ; enter bank 1
000F 30CE      00071         movlw   B'11001110'
Message [302] : Register in operand not in bank 0. Ensure bank bits are correct.
0010 0085      00072         movwf   TRISA           ; configure I/O
               00073 
0011 1283      00074         bcf     STATUS,RP0      ; enter bank 0
0012 3010      00075         movlw   B'00010000'     ; setup PortA's output mask
0013 00A2      00076         movwf   temp            ; save it to temp
               00077 
0014           00078 loop
               00079         ; -------------------------------------------------------
               00080         ; program's main loop.
               00081         ; -------------------------------------------------------
               00082 
0014 0822      00083         movf    temp,w          ; load PortA's output mask
               00084 
0015 0085      00085         movwf   PORTA
0016 3A30      00086         xorlw   B'00110000'     ; light on alternatively LEDs #0 and #1
               00087 
0017 00A2      00088         movwf   temp            ; save the modified mask
               00089 
0018 2001      00090         call    wait            ; burn some cycles before switching LEDs
0019 2814      00091         goto    loop            ; repeat forever
               00092 
gpasm-0.13.3 beta               blink.asm   9-2-2006  17:59:52           PAGE  3


SYMBOL TABLE
  LABEL                             VALUE 

ADCON0                            0000001F
ADCON1                            0000009F
ADCS0                             00000004
ADCS1                             00000005
ADCS2                             00000006
ADFM                              00000007
ADIE                              00000006
ADIF                              00000006
ADON                              00000000
ADRESH                            0000001E
ADRESL                            0000009E
ANS0                              00000000
ANS1                              00000001
ANS2                              00000002
ANS3                              00000003
ANS4                              00000004
ANS5                              00000005
ANS6                              00000006
ANS7                              00000007
ANSEL                             00000091
C                                 00000000
C1IE                              00000003
C1IF                              00000003
C1INV                             00000004
C1OUT                             00000006
C2IE                              00000004
C2IF                              00000004
C2INV                             00000005
C2OUT                             00000007
C2SYNC                            00000000
CCP1CON                           00000015
CCP1IE                            00000005
CCP1IF                            00000005
CCP1M0                            00000000
CCP1M1                            00000001
CCP1M2                            00000002
CCP1M3                            00000003
CCPR1H                            00000014
CCPR1L                            00000013
CHS0                              00000002
CHS1                              00000003
CHS2                              00000004
CIS                               00000003
CM0                               00000000
CM1                               00000001
CM2                               00000002
CMCON0                            00000019
CMCON1                            0000001A
DC                                00000001
DC1B0                             00000004
DC1B1                             00000005
ECCPAS                            00000017
ECCPAS0                           00000004
gpasm-0.13.3 beta               blink.asm   9-2-2006  17:59:52           PAGE  4


LOC  OBJECT CODE     LINE SOURCE TEXT
  VALUE
 
ECCPAS1                           00000005
ECCPAS2                           00000006
ECCPASE                           00000007
EEADR                             0000009B
EECON1                            0000009C
EECON2                            0000009D
EEDAT                             0000009A
EEDATA                            0000009A
EEIE                              00000007
EEIF                              00000007
F                                 00000001
FSR                               00000004
GIE                               00000007
GO                                00000001
GO_DONE                           00000001
HTS                               00000002
INDF                              00000000
INTCON                            0000000B
INTE                              00000004
INTEDG                            00000006
INTF                              00000001
IOC                               00000096
IOC0                              00000000
IOC1                              00000001
IOC2                              00000002
IOC3                              00000003
IOC4                              00000004
IOC5                              00000005
IOCA                              00000096
IOCA0                             00000000
IOCA1                             00000001
IOCA2                             00000002
IOCA3                             00000003
IOCA4                             00000004
IOCA5                             00000005
IRCF0                             00000004
IRCF1                             00000005
IRCF2                             00000006
IRP                               00000007
LTS                               00000001
NOT_BOD                           00000000
NOT_DONE                          00000001
NOT_PD                            00000003
NOT_POR                           00000001
NOT_RAPU                          00000007
NOT_T1SYNC                        00000002
NOT_TO                            00000004
OPTION_REG                        00000081
OSCCON                            0000008F
OSCTUNE                           00000090
OSFIE                             00000002
OSFIF                             00000002
OSTS                              00000003
P1M0                              00000006
gpasm-0.13.3 beta               blink.asm   9-2-2006  17:59:52           PAGE  5


LOC  OBJECT CODE     LINE SOURCE TEXT
  VALUE
 
P1M1                              00000007
PCL                               00000002
PCLATH                            0000000A
PCON                              0000008E
PDC0                              00000000
PDC1                              00000001
PDC2                              00000002
PDC3                              00000003
PDC4                              00000004
PDC5                              00000005
PDC6                              00000006
PEIE                              00000006
PIE1                              0000008C
PIR1                              0000000C
PORTA                             00000005
PORTC                             00000007
PR2                               00000092
PRSEN                             00000007
PS0                               00000000
PS1                               00000001
PS2                               00000002
PSA                               00000003
PSSAC0                            00000002
PSSAC1                            00000003
PSSBD0                            00000000
PSSBD1                            00000001
PWM1CON                           00000016
RAIE                              00000003
RAIF                              00000000
RD                                00000000
RP0                               00000005
RP1                               00000006
SBODEN                            00000004
SCS                               00000000
STATUS                            00000003
SWDTEN                            00000000
T0CS                              00000005
T0IE                              00000005
T0IF                              00000002
T0SE                              00000004
T1CKPS0                           00000004
T1CKPS1                           00000005
T1CON                             00000010
T1GINV                            00000007
T1GSS                             00000001
T1IE                              00000000
T1IF                              00000000
T1OSCEN                           00000003
T2CKPS0                           00000000
T2CKPS1                           00000001
T2CON                             00000012
T2IE                              00000001
T2IF                              00000001
TMR0                              00000001
gpasm-0.13.3 beta               blink.asm   9-2-2006  17:59:52           PAGE  6


LOC  OBJECT CODE     LINE SOURCE TEXT
  VALUE
 
TMR1CS                            00000001
TMR1GE                            00000006
TMR1H                             0000000F
TMR1IE                            00000000
TMR1IF                            00000000
TMR1L                             0000000E
TMR1ON                            00000000
TMR2                              00000011
TMR2IE                            00000001
TMR2IF                            00000001
TMR2ON                            00000002
TOUTPS0                           00000003
TOUTPS1                           00000004
TOUTPS2                           00000005
TOUTPS3                           00000006
TRISA                             00000085
TRISC                             00000087
TUN0                              00000000
TUN1                              00000001
TUN2                              00000002
TUN3                              00000003
TUN4                              00000004
ULPWUE                            00000005
VCFG                              00000006
VR0                               00000000
VR1                               00000001
VR2                               00000002
VR3                               00000003
VRCON                             00000099
VREN                              00000007
VRR                               00000005
W                                 00000000
WDTCON                            00000018
WDTPS0                            00000001
WDTPS1                            00000002
WDTPS2                            00000003
WDTPS3                            00000004
WPU                               00000095
WPUA                              00000095
WR                                00000001
WREN                              00000002
WRERR                             00000003
Z                                 00000002
_BOD_NSLEEP                       00003EFF
_BOD_OFF                          00003CFF
_BOD_ON                           00003FFF
_BOD_SBODEN                       00003DFF
_CPD_OFF                          00003FFF
_CPD_ON                           00003F7F
_CP_OFF                           00003FFF
_CP_ON                            00003FBF
_EC_OSC                           00003FFB
_EXTRC                            00003FFF
_EXTRCIO                          00003FFE
gpasm-0.13.3 beta               blink.asm   9-2-2006  17:59:52           PAGE  7


LOC  OBJECT CODE     LINE SOURCE TEXT
  VALUE
 
_EXTRC_OSC_CLKOUT                 00003FFF
_EXTRC_OSC_NOCLKOUT               00003FFE
_FCMEN_OFF                        000037FF
_FCMEN_ON                         00003FFF
_HS_OSC                           00003FFA
_IESO_OFF                         00003BFF
_IESO_ON                          00003FFF
_INTOSC                           00003FFD
_INTOSCIO                         00003FFC
_INTRC_OSC_CLKOUT                 00003FFD
_INTRC_OSC_NOCLKOUT               00003FFC
_LP_OSC                           00003FF8
_MCLRE_OFF                        00003FDF
_MCLRE_ON                         00003FFF
_PWRTE_OFF                        00003FFF
_PWRTE_ON                         00003FEF
_WDT_OFF                          00003FF7
_WDT_ON                           00003FFF
_XT_OSC                           00003FF9
__16F684                          00000001
count1                            00000020
count2                            00000021
loop                              00000014
main                              0000000B
temp                              00000022
wait                              00000001


MEMORY USAGE MAP ('X' = Used,  '-' = Unused)

00000000 : XXXXXXXXXXXXXXXX XXXXXXXXXX------ ---------------- ----------------
00002000 : -------X-------- ---------------- ---------------- ----------------

All other memory blocks unused.

Program Memory Words Used: 27


Errors   :       0
Warnings :       0 reported,       0 suppressed
Messages :       1 reported,       0 suppressed

